ls: cannot access /var/log/sites/site-mortb.txt.gz: No such file or directory
ls: cannot access /var/log/sites/site-mortb.txt.gz: No such file or directory
ls: cannot access /var/log/sites/site-mortb.txt.gz: No such file or directory
ls: cannot access /var/log/sites/site-mortb.txt.gz: No such file or directory
ls: cannot access /var/log/sites/site-mortb.txt.gz: No such file or directory
ls: cannot access /var/log/sites/site-mortb.txt.gz: No such file or directory
ls: cannot access /var/log/sites/site-mortb.txt.gz: No such file or directory
ls: cannot access /var/log/sites/site-mortb.txt.gz: No such file or directory
ls: cannot access /var/log/sites/site-mortb.txt.gz: No such file or directory
ls: cannot access /var/log/sites/site-mortb.txt.gz: No such file or directory
ls: cannot access /var/log/sites/site-mortb.txt.gz: No such file or directory
ls: cannot access /var/log/sites/site-mortb.txt.gz: No such file or directory
ls: cannot access /var/log/sites/site-mortb.txt.gz: No such file or directory
ls: cannot access /var/log/sites/site-mortb.txt.gz: No such file or directory
ls: cannot access /var/log/sites/site-mortb.txt.gz: No such file or directory
ls: cannot access /var/log/sites/site-mortb.txt.gz: No such file or directory
ls: cannot access /var/log/sites/site-mortb.txt.gz: No such file or directory
ls: cannot access /var/log/sites/site-mortb.txt.gz: No such file or directory
ls: cannot access /var/log/sites/site-mortb.txt.gz: No such file or directory
ls: cannot access /var/log/sites/site-mortb.txt.gz: No such file or directory
ls: cannot access /var/log/sites/site-mortb.txt.gz: No such file or directory
ls: cannot access /var/log/sites/site-mortb.txt.gz: No such file or directory
ls: cannot access /var/log/sites/site-mortb.txt.gz: No such file or directory
-rw-r--r-- 1 root root 5807969 Apr  6 17:46 /var/log/sites/site-mortb.txt.gz
ls: cannot access /var/log/sites/site-mortb.txt.gz: No such file or directory
ls: cannot access /var/log/sites/site-mortb.txt.gz: No such file or directory
ls: cannot access /var/log/sites/site-mortb.txt.gz: No such file or directory
ls: cannot access /var/log/sites/site-mortb.txt.gz: No such file or directory
ls: cannot access /var/log/sites/site-mortb.txt.gz: No such file or directory
ls: cannot access /var/log/sites/site-mortb.txt.gz: No such file or directory
ls: cannot access /var/log/sites/site-mortb.txt.gz: No such file or directory
ls: cannot access /var/log/sites/site-mortb.txt.gz: No such file or directory
ls: cannot access /var/log/sites/site-mortb.txt.gz: No such file or directory
ls: cannot access /var/log/sites/site-mortb.txt.gz: No such file or directory
ls: cannot access /var/log/sites/site-mortb.txt.gz: No such file or directory
ls: cannot access /var/log/sites/site-mortb.txt.gz: No such file or directory
ls: cannot access /var/log/sites/site-mortb.txt.gz: No such file or directory
ls: cannot access /var/log/sites/site-mortb.txt.gz: No such file or directory
ls: cannot access /var/log/sites/site-mortb.txt.gz: No such file or directory
-rw-r--r-- 1 root root 4285256 Apr  6 18:12 /var/log/sites/site-mortb.txt.gz
ls: cannot access /var/log/sites/site-mortb.txt.gz: No such file or directory
ls: cannot access /var/log/sites/site-mortb.txt.gz: No such file or directory
ls: cannot access /var/log/sites/site-mortb.txt.gz: No such file or directory
ls: cannot access /var/log/sites/site-mortb.txt.gz: No such file or directory
ls: cannot access /var/log/sites/site-mortb.txt.gz: No such file or directory
ls: cannot access /var/log/sites/site-mortb.txt.gz: No such file or directory
ls: cannot access /var/log/sites/site-mortb.txt.gz: No such file or directory
ls: cannot access /var/log/sites/site-mortb.txt.gz: No such file or directory
ls: cannot access /var/log/sites/site-mortb.txt.gz: No such file or directory
ls: cannot access /var/log/sites/site-mortb.txt.gz: No such file or directory
ls: cannot access /var/log/sites/site-mortb.txt.gz: No such file or directory
-rw-r--r-- 1 root root 4285256 Apr  6 18:09 /var/log/sites/site-mortb.txt.gz
-rw-r--r-- 1 root root 4286424 Apr  6 18:08 /var/log/sites/site-mortb.txt.gz
-rw-r--r-- 1 root root 4285221 Apr  6 18:09 /var/log/sites/site-mortb.txt.gz
ls: cannot access /var/log/sites/site-mortb.txt.gz: No such file or directory
ls: cannot access /var/log/sites/site-mortb.txt.gz: No such file or directory
ls: cannot access /var/log/sites/site-mortb.txt.gz: No such file or directory
-rw-r--r--. 1 root root 4284557 Apr  6 18:08 /var/log/sites/site-mortb.txt.gz
ls: cannot access /var/log/sites/site-mortb.txt.gz: No such file or directory
ls: cannot access /var/log/sites/site-mortb.txt.gz: No such file or directory
ls: cannot access /var/log/sites/site-mortb.txt.gz: No such file or directory
ls: cannot access /var/log/sites/site-mortb.txt.gz: No such file or directory
-rw-r--r--. 1 root root 4232905 Apr  6 13:15 /var/log/sites/site-mortb.txt.gz
-rw-r--r--. 1 root root 3322628 Apr  6 10:30 /var/log/sites/site-mortb.txt.gz
ls: cannot access /var/log/sites/site-mortb.txt.gz: No such file or directory
ls: cannot access /var/log/sites/site-mortb.txt.gz: No such file or directory
ls: cannot access /var/log/sites/site-mortb.txt.gz: No such file or directory
ls: cannot access /var/log/sites/site-mortb.txt.gz: No such file or directory
-rw-r--r--. 1 root root 4286824 Apr  6 17:23 /var/log/sites/site-mortb.txt.gz
-rw-r--r--. 1 root root 4244776 Apr  6 13:46 /var/log/sites/site-mortb.txt.gz
ls: cannot access /var/log/sites/site-mortb.txt.gz: No such file or directory
-rw-r--r--. 1 root root 4287748 Apr  6 17:30 /var/log/sites/site-mortb.txt.gz
-rw-r--r--. 1 root root 4267161 Apr  6 15:31 /var/log/sites/site-mortb.txt.gz
-rw-r--r--. 1 root root 4284557 Apr  6 18:07 /var/log/sites/site-mortb.txt.gz
ls: cannot access /var/log/sites/site-mortb.txt.gz: No such file or directory
ls: cannot access /var/log/sites/site-mortb.txt.gz: No such file or directory
-rw-r--r--. 1 root root 5801744 Apr  6 17:01 /var/log/sites/site-mortb.txt.gz
ls: cannot access /var/log/sites/site-mortb.txt.gz: No such file or directory
-rw-r--r--. 1 root root 4284557 Apr  6 18:00 /var/log/sites/site-mortb.txt.gz
ls: cannot access /var/log/sites/site-mortb.txt.gz: No such file or directory
ls: cannot access /var/log/sites/site-mortb.txt.gz: No such file or directory
-rw-r--r--. 1 root root 5801744 Apr  6 17:00 /var/log/sites/site-mortb.txt.gz
-rw-r--r--. 1 root root 4285256 Apr  6 18:15 /var/log/sites/site-mortb.txt.gz
ls: cannot access /var/log/sites/site-mortb.txt.gz: No such file or directory
ls: cannot access /var/log/sites/site-mortb.txt.gz: No such file or directory
-rw-r--r--. 1 root root 4005345 Apr  6 04:15 /var/log/sites/site-mortb.txt.gz
ls: cannot access /var/log/sites/site-mortb.txt.gz: No such file or directory
-rw-r--r--. 1 root root 5702826 Apr  6 11:08 /var/log/sites/site-mortb.txt.gz
ls: cannot access /var/log/sites/site-mortb.txt.gz: No such file or directory
ssh: connect to host www61-adx-11221651-94tr port 22: Connection refused
ls: cannot access /var/log/sites/site-mortb.txt.gz: No such file or directory
ls: cannot access /var/log/sites/site-mortb.txt.gz: No such file or directory
ls: cannot access /var/log/sites/site-mortb.txt.gz: No such file or directory
ls: cannot access /var/log/sites/site-mortb.txt.gz: No such file or directory
ls: cannot access /var/log/sites/site-mortb.txt.gz: No such file or directory
-rw-r--r--. 1 root root 5775684 Apr  6 15:05 /var/log/sites/site-mortb.txt.gz
ls: cannot access /var/log/sites/site-mortb.txt.gz: No such file or directory
ls: cannot access /var/log/sites/site-mortb.txt.gz: No such file or directory
ls: cannot access /var/log/sites/site-mortb.txt.gz: No such file or directory
ls: cannot access /var/log/sites/site-mortb.txt.gz: No such file or directory
ls: cannot access /var/log/sites/site-mortb.txt.gz: No such file or directory
ls: cannot access /var/log/sites/site-mortb.txt.gz: No such file or directory
ls: cannot access /var/log/sites/site-mortb.txt.gz: No such file or directory
ls: cannot access /var/log/sites/site-mortb.txt.gz: No such file or directory
-rw-r--r--. 1 root root 4284557 Apr  6 18:01 /var/log/sites/site-mortb.txt.gz
ls: cannot access /var/log/sites/site-mortb.txt.gz: No such file or directory
ls: cannot access /var/log/sites/site-mortb.txt.gz: No such file or directory
ls: cannot access /var/log/sites/site-mortb.txt.gz: No such file or directory
ls: cannot access /var/log/sites/site-mortb.txt.gz: No such file or directory
ls: cannot access /var/log/sites/site-mortb.txt.gz: No such file or directory
ls: cannot access /var/log/sites/site-mortb.txt.gz: No such file or directory
ls: cannot access /var/log/sites/site-mortb.txt.gz: No such file or directory
-rw-r--r--. 1 root root 3899535 Apr  6 02:15 /var/log/sites/site-mortb.txt.gz
ls: cannot access /var/log/sites/site-mortb.txt.gz: No such file or directory
ls: cannot access /var/log/sites/site-mortb.txt.gz: No such file or directory
ls: cannot access /var/log/sites/site-mortb.txt.gz: No such file or directory
ls: cannot access /var/log/sites/site-mortb.txt.gz: No such file or directory
ls: cannot access /var/log/sites/site-mortb.txt.gz: No such file or directory
ls: cannot access /var/log/sites/site-mortb.txt.gz: No such file or directory
ls: cannot access /var/log/sites/site-mortb.txt.gz: No such file or directory
ls: cannot access /var/log/sites/site-mortb.txt.gz: No such file or directory
ls: cannot access /var/log/sites/site-mortb.txt.gz: No such file or directory
ls: cannot access /var/log/sites/site-mortb.txt.gz: No such file or directory
-rw-r--r--. 1 root root 5775684 Apr  6 15:07 /var/log/sites/site-mortb.txt.gz
ls: cannot access /var/log/sites/site-mortb.txt.gz: No such file or directory
ls: cannot access /var/log/sites/site-mortb.txt.gz: No such file or directory
ls: cannot access /var/log/sites/site-mortb.txt.gz: No such file or directory
ls: cannot access /var/log/sites/site-mortb.txt.gz: No such file or directory
ls: cannot access /var/log/sites/site-mortb.txt.gz: No such file or directory
ls: cannot access /var/log/sites/site-mortb.txt.gz: No such file or directory
ls: cannot access /var/log/sites/site-mortb.txt.gz: No such file or directory
ls: cannot access /var/log/sites/site-mortb.txt.gz: No such file or directory
ls: cannot access /var/log/sites/site-mortb.txt.gz: No such file or directory
ls: cannot access /var/log/sites/site-mortb.txt.gz: No such file or directory
ls: cannot access /var/log/sites/site-mortb.txt.gz: No such file or directory
ls: cannot access /var/log/sites/site-mortb.txt.gz: No such file or directory
ls: cannot access /var/log/sites/site-mortb.txt.gz: No such file or directory
ls: cannot access /var/log/sites/site-mortb.txt.gz: No such file or directory
ls: cannot access /var/log/sites/site-mortb.txt.gz: No such file or directory
ls: cannot access /var/log/sites/site-mortb.txt.gzls: cannot access /var/log/sites/site-mortb.txt.gz: No such file or directory
: No such file or directory
ls: cannot access /var/log/sites/site-mortb.txt.gz: No such file or directory
ls: cannot access /var/log/sites/site-mortb.txt.gz: No such file or directory
ls: cannot access /var/log/sites/site-mortb.txt.gz: No such file or directory
ls: cannot access /var/log/sites/site-mortb.txt.gz: No such file or directory
ls: cannot access /var/log/sites/site-mortb.txt.gz: No such file or directory
ls: cannot access /var/log/sites/site-mortb.txt.gz: No such file or directory
ls: cannot access /var/log/sites/site-mortb.txt.gz: No such file or directory
ls: cannot access /var/log/sites/site-mortb.txt.gz: No such file or directory
ls: cannot access /var/log/sites/site-mortb.txt.gz: No such file or directory
-rw-r--r--. 1 root root 4283695 Apr  6 17:18 /var/log/sites/site-mortb.txt.gz
ls: cannot access /var/log/sites/site-mortb.txt.gz: No such file or directory
ls: cannot access /var/log/sites/site-mortb.txt.gz: No such file or directory
ls: cannot access /var/log/sites/site-mortb.txt.gz: No such file or directory
ls: cannot access /var/log/sites/site-mortb.txt.gz: No such file or directory
ls: cannot access /var/log/sites/site-mortb.txt.gz: No such file or directory
ls: cannot access /var/log/sites/site-mortb.txt.gz: No such file or directory
ls: cannot access /var/log/sites/site-mortb.txt.gz: No such file or directory
ls: cannot access /var/log/sites/site-mortb.txt.gz: No such file or directory
ls: cannot access /var/log/sites/site-mortb.txt.gz: No such file or directory
ls: cannot access /var/log/sites/site-mortb.txt.gz: No such file or directory
ls: cannot access /var/log/sites/site-mortb.txt.gz: No such file or directory
ls: cannot access /var/log/sites/site-mortb.txt.gz: No such file or directory
ls: cannot access /var/log/sites/site-mortb.txt.gz: No such file or directory
ls: cannot access /var/log/sites/site-mortb.txt.gz: No such file or directory
ls: cannot access /var/log/sites/site-mortb.txt.gz: No such file or directory
ls: cannot access /var/log/sites/site-mortb.txt.gz: No such file or directory
ls: cannot access /var/log/sites/site-mortb.txt.gz: No such file or directory
ls: cannot access /var/log/sites/site-mortb.txt.gz: No such file or directory
ls: cannot access /var/log/sites/site-mortb.txt.gz: No such file or directory
ls: cannot access /var/log/sites/site-mortb.txt.gz: No such file or directory
ls: cannot access /var/log/sites/site-mortb.txt.gz: No such file or directory
ls: cannot access /var/log/sites/site-mortb.txt.gz: No such file or directory
ls: cannot access /var/log/sites/site-mortb.txt.gz: No such file or directory
ls: cannot access /var/log/sites/site-mortb.txt.gz: No such file or directory
ls: cannot access /var/log/sites/site-mortb.txt.gz: No such file or directory
ls: cannot access /var/log/sites/site-mortb.txt.gz: No such file or directory
ls: cannot access /var/log/sites/site-mortb.txt.gz: No such file or directory
ls: cannot access /var/log/sites/site-mortb.txt.gz: No such file or directory
ls: cannot access /var/log/sites/site-mortb.txt.gz: No such file or directory
ls: cannot access /var/log/sites/site-mortb.txt.gz: No such file or directory
ls: cannot access /var/log/sites/site-mortb.txt.gz: No such file or directory
ls: cannot access /var/log/sites/site-mortb.txt.gz: No such file or directory
ls: cannot access /var/log/sites/site-mortb.txt.gz: No such file or directory
ls: cannot access /var/log/sites/site-mortb.txt.gz: No such file or directory
ls: cannot access /var/log/sites/site-mortb.txt.gz: No such file or directory
ls: cannot access /var/log/sites/site-mortb.txt.gz: No such file or directory
ls: cannot access /var/log/sites/site-mortb.txt.gz: No such file or directory
ls: cannot access /var/log/sites/site-mortb.txt.gz: No such file or directory
ls: cannot access /var/log/sites/site-mortb.txt.gz: No such file or directory
ls: cannot access /var/log/sites/site-mortb.txt.gzls: cannot access /var/log/sites/site-mortb.txt.gz: No such file or directory
: No such file or directory
ls: cannot access /var/log/sites/site-mortb.txt.gz: No such file or directory
ls: cannot access /var/log/sites/site-mortb.txt.gz: No such file or directory
ls: cannot access /var/log/sites/site-mortb.txt.gz: No such file or directory
ls: cannot access /var/log/sites/site-mortb.txt.gz: No such file or directory
ls: cannot access /var/log/sites/site-mortb.txt.gz: No such file or directory
ls: cannot access /var/log/sites/site-mortb.txt.gz: No such file or directory
ls: cannot access /var/log/sites/site-mortb.txt.gz: No such file or directory
ls: cannot access /var/log/sites/site-mortb.txt.gz: No such file or directory
ls: cannot access /var/log/sites/site-mortb.txt.gz: No such file or directory
ls: cannot access /var/log/sites/site-mortb.txt.gz: No such file or directory
ls: cannot access /var/log/sites/site-mortb.txt.gz: No such file or directory
ls: cannot access /var/log/sites/site-mortb.txt.gz: No such file or directory
ls: cannot access /var/log/sites/site-mortb.txt.gz: No such file or directory
ls: cannot access /var/log/sites/site-mortb.txt.gz: No such file or directory
ls: cannot access /var/log/sites/site-mortb.txt.gz: No such file or directory
ls: cannot access /var/log/sites/site-mortb.txt.gz: No such file or directory
ls: cannot access /var/log/sites/site-mortb.txt.gz: No such file or directory
ls: cannot access /var/log/sites/site-mortb.txt.gz: No such file or directory
ls: cannot access /var/log/sites/site-mortb.txt.gz: No such file or directory
ls: cannot access /var/log/sites/site-mortb.txt.gz: No such file or directory
ls: cannot access /var/log/sites/site-mortb.txt.gz: No such file or directory
ls: cannot access /var/log/sites/site-mortb.txt.gz: No such file or directory
ls: cannot access /var/log/sites/site-mortb.txt.gz: No such file or directory
ls: cannot access /var/log/sites/site-mortb.txt.gz: No such file or directory
ls: cannot access /var/log/sites/site-mortb.txt.gz: No such file or directory
ls: cannot access /var/log/sites/site-mortb.txt.gz: No such file or directory
ls: cannot access /var/log/sites/site-mortb.txt.gz: No such file or directory
-rw-r--r-- 1 root root 4284557 Apr  6 18:00 /var/log/sites/site-mortb.txt.gz
ls: cannot access /var/log/sites/site-mortb.txt.gz: No such file or directory
ls: cannot access /var/log/sites/site-mortb.txt.gz: No such file or directory
ls: cannot access /var/log/sites/site-mortb.txt.gz: No such file or directory
ls: cannot access /var/log/sites/site-mortb.txt.gz: No such file or directory
-rw-r--r--. 1 root root 5799339 Apr  6 16:28 /var/log/sites/site-mortb.txt.gz
ls: cannot access /var/log/sites/site-mortb.txt.gz: No such file or directory
-rw-r--r--. 1 root root 4285256 Apr  6 18:15 /var/log/sites/site-mortb.txt.gz
ls: cannot access /var/log/sites/site-mortb.txt.gz: No such file or directory
-rw-r--r--. 1 root root 5807969 Apr  6 17:45 /var/log/sites/site-mortb.txt.gz
ls: cannot access /var/log/sites/site-mortb.txt.gz: No such file or directory
ls: cannot access /var/log/sites/site-mortb.txt.gz: No such file or directory
ls: cannot access /var/log/sites/site-mortb.txt.gz: No such file or directory
ls: cannot access /var/log/sites/site-mortb.txt.gz: No such file or directory
-rw-r--r--. 1 root root 3827754 Mar 23 16:20 /var/log/sites/site-mortb.txt.gz
-rw-r--r--. 1 root root 4284557 Apr  6 18:03 /var/log/sites/site-mortb.txt.gz
ls: cannot access /var/log/sites/site-mortb.txt.gz: No such file or directory
ls: cannot access /var/log/sites/site-mortb.txt.gz: No such file or directory
ls: cannot access /var/log/sites/site-mortb.txt.gz: No such file or directory
ls: cannot access /var/log/sites/site-mortb.txt.gz: No such file or directory
ls: cannot access /var/log/sites/site-mortb.txt.gz: No such file or directory
ls: cannot access /var/log/sites/site-mortb.txt.gz: No such file or directory
ls: cannot access /var/log/sites/site-mortb.txt.gz: No such file or directory
ls: cannot access /var/log/sites/site-mortb.txt.gz: No such file or directory
ls: cannot access /var/log/sites/site-mortb.txt.gz: No such file or directory
ls: cannot access /var/log/sites/site-mortb.txt.gz: No such file or directory
ls: cannot access /var/log/sites/site-mortb.txt.gz: No such file or directory
ls: cannot access /var/log/sites/site-mortb.txt.gz: No such file or directory
ls: cannot access /var/log/sites/site-mortb.txt.gz: No such file or directory
ls: cannot access /var/log/sites/site-mortb.txt.gz: No such file or directory
ls: cannot access /var/log/sites/site-mortb.txt.gz: No such file or directory
ls: cannot access /var/log/sites/site-mortb.txt.gz: No such file or directory
ls: cannot access /var/log/sites/site-mortb.txt.gz: No such file or directory
ls: cannot access /var/log/sites/site-mortb.txt.gz: No such file or directory
ls: cannot access /var/log/sites/site-mortb.txt.gz: No such file or directory
ls: cannot access /var/log/sites/site-mortb.txt.gz: No such file or directory
ls: cannot access /var/log/sites/site-mortb.txt.gz: No such file or directory
ls: cannot access /var/log/sites/site-mortb.txt.gz: No such file or directory
ls: cannot access /var/log/sites/site-mortb.txt.gz: No such file or directory
ls: cannot access /var/log/sites/site-mortb.txt.gz: No such file or directory
ls: cannot access /var/log/sites/site-mortb.txt.gz: No such file or directory
ls: cannot access /var/log/sites/site-mortb.txt.gz: No such file or directory
ls: cannot access /var/log/sites/site-mortb.txt.gz: No such file or directory
ls: cannot access /var/log/sites/site-mortb.txt.gz: No such file or directory
ls: cannot access /var/log/sites/site-mortb.txt.gz: No such file or directory
ls: cannot access /var/log/sites/site-mortb.txt.gz: No such file or directory
ls: cannot access /var/log/sites/site-mortb.txt.gz: No such file or directory
ls: cannot access /var/log/sites/site-mortb.txt.gz: No such file or directory
ls: cannot access /var/log/sites/site-mortb.txt.gz: No such file or directory
ls: cannot access /var/log/sites/site-mortb.txt.gz: No such file or directory
ls: cannot access /var/log/sites/site-mortb.txt.gz: No such file or directory
ls: cannot access /var/log/sites/site-mortb.txt.gz: No such file or directory
ls: cannot access /var/log/sites/site-mortb.txt.gz: No such file or directory
ls: cannot access /var/log/sites/site-mortb.txt.gz: No such file or directory
ls: cannot access /var/log/sites/site-mortb.txt.gz: No such file or directory
ls: cannot access /var/log/sites/site-mortb.txt.gz: No such file or directory
ls: cannot access /var/log/sites/site-mortb.txt.gz: No such file or directory
ls: cannot access /var/log/sites/site-mortb.txt.gz: No such file or directory
ls: cannot access /var/log/sites/site-mortb.txt.gz: No such file or directory
ls: cannot access /var/log/sites/site-mortb.txt.gz: No such file or directory
ls: cannot access /var/log/sites/site-mortb.txt.gz: No such file or directory
ls: cannot access /var/log/sites/site-mortb.txt.gz: No such file or directory
ls: cannot access /var/log/sites/site-mortb.txt.gz: No such file or directory
ls: cannot access /var/log/sites/site-mortb.txt.gz: No such file or directory
ls: cannot access /var/log/sites/site-mortb.txt.gz: No such file or directory
ls: cannot access /var/log/sites/site-mortb.txt.gz: No such file or directory
ls: cannot access /var/log/sites/site-mortb.txt.gz: No such file or directory
ls: cannot access /var/log/sites/site-mortb.txt.gz: No such file or directory
ls: cannot access /var/log/sites/site-mortb.txt.gz: No such file or directory
ls: cannot access /var/log/sites/site-mortb.txt.gz: No such file or directory
ls: cannot access /var/log/sites/site-mortb.txt.gz: No such file or directory
ls: cannot access /var/log/sites/site-mortb.txt.gz: No such file or directory
ls: cannot access /var/log/sites/site-mortb.txt.gz: No such file or directory
ls: cannot access /var/log/sites/site-mortb.txt.gz: No such file or directory
ls: cannot access /var/log/sites/site-mortb.txt.gz: No such file or directory
ls: cannot access /var/log/sites/site-mortb.txt.gz: No such file or directory
ls: cannot access /var/log/sites/site-mortb.txt.gz: No such file or directory
ls: cannot access /var/log/sites/site-mortb.txt.gz: No such file or directory
ls: cannot access /var/log/sites/site-mortb.txt.gz: No such file or directory
ls: cannot access /var/log/sites/site-mortb.txt.gz: No such file or directory
ls: cannot access /var/log/sites/site-mortb.txt.gz: No such file or directory
ls: cannot access /var/log/sites/site-mortb.txt.gz: No such file or directory
ls: cannot access /var/log/sites/site-mortb.txt.gz: No such file or directory
ls: cannot access /var/log/sites/site-mortb.txt.gz: No such file or directory
ls: cannot access /var/log/sites/site-mortb.txt.gz: No such file or directory
ls: cannot access /var/log/sites/site-mortb.txt.gz: No such file or directory
ls: cannot access /var/log/sites/site-mortb.txt.gz: No such file or directory
ls: cannot access /var/log/sites/site-mortb.txt.gz: No such file or directory
ls: cannot access /var/log/sites/site-mortb.txt.gz: No such file or directory
ls: cannot access /var/log/sites/site-mortb.txt.gz: No such file or directory
ls: cannot access /var/log/sites/site-mortb.txt.gz: No such file or directory
ls: cannot access /var/log/sites/site-mortb.txt.gz: No such file or directory
ls: cannot access /var/log/sites/site-mortb.txt.gz: No such file or directory
ls: cannot access /var/log/sites/site-mortb.txt.gz: No such file or directory
ls: cannot access /var/log/sites/site-mortb.txt.gz: No such file or directory
ls: cannot access /var/log/sites/site-mortb.txt.gz: No such file or directory
ls: cannot access /var/log/sites/site-mortb.txt.gz: No such file or directory
ls: cannot access /var/log/sites/site-mortb.txt.gz: No such file or directory
ls: cannot access /var/log/sites/site-mortb.txt.gz: No such file or directory
ls: cannot access /var/log/sites/site-mortb.txt.gz: No such file or directory
ls: cannot access /var/log/sites/site-mortb.txt.gz: No such file or directory
ls: cannot access /var/log/sites/site-mortb.txt.gz: No such file or directory
ls: cannot access /var/log/sites/site-mortb.txt.gz: No such file or directory
ls: cannot access /var/log/sites/site-mortb.txt.gz: No such file or directory
ls: cannot access /var/log/sites/site-mortb.txt.gz: No such file or directory
ls: cannot access /var/log/sites/site-mortb.txt.gz: No such file or directory
ls: cannot access /var/log/sites/site-mortb.txt.gz: No such file or directory
ls: cannot access /var/log/sites/site-mortb.txt.gz: No such file or directory
ls: cannot access /var/log/sites/site-mortb.txt.gz: No such file or directory
ls: cannot access /var/log/sites/site-mortb.txt.gz: No such file or directory
ls: cannot access /var/log/sites/site-mortb.txt.gz: No such file or directory
ls: cannot access /var/log/sites/site-mortb.txt.gz: No such file or directory
ls: cannot access /var/log/sites/site-mortb.txt.gz: No such file or directory
ls: cannot access /var/log/sites/site-mortb.txt.gz: No such file or directory
ls: cannot access /var/log/sites/site-mortb.txt.gz: No such file or directory
ls: cannot access /var/log/sites/site-mortb.txt.gz: No such file or directory
ls: cannot access /var/log/sites/site-mortb.txt.gz: No such file or directory
ls: cannot access /var/log/sites/site-mortb.txt.gz: No such file or directory
ls: cannot access /var/log/sites/site-mortb.txt.gz: No such file or directory
ls: cannot access /var/log/sites/site-mortb.txt.gz: No such file or directory
ls: cannot access /var/log/sites/site-mortb.txt.gz: No such file or directory
ls: cannot access /var/log/sites/site-mortb.txt.gz: No such file or directory
ls: cannot access /var/log/sites/site-mortb.txt.gz: No such file or directory
ls: cannot access /var/log/sites/site-mortb.txt.gz: No such file or directory
ls: cannot access /var/log/sites/site-mortb.txt.gz: No such file or directory
ls: cannot access /var/log/sites/site-mortb.txt.gz: No such file or directory
ls: cannot access /var/log/sites/site-mortb.txt.gz: No such file or directory
ls: cannot access /var/log/sites/site-mortb.txt.gz: No such file or directory
ls: cannot access /var/log/sites/site-mortb.txt.gz: No such file or directory
ls: cannot access /var/log/sites/site-mortb.txt.gz: No such file or directory
ls: cannot access /var/log/sites/site-mortb.txt.gz: No such file or directory
ls: cannot access /var/log/sites/site-mortb.txt.gz: No such file or directory
ls: cannot access /var/log/sites/site-mortb.txt.gz: No such file or directory
ls: cannot access /var/log/sites/site-mortb.txt.gz: No such file or directory
ls: cannot access /var/log/sites/site-mortb.txt.gz: No such file or directory
ls: cannot access /var/log/sites/site-mortb.txt.gz: No such file or directory
ls: cannot access /var/log/sites/site-mortb.txt.gz: No such file or directory
ls: cannot access /var/log/sites/site-mortb.txt.gz: No such file or directory
ls: cannot access /var/log/sites/site-mortb.txt.gz: No such file or directory
ls: cannot access /var/log/sites/site-mortb.txt.gz: No such file or directory
ls: cannot access /var/log/sites/site-mortb.txt.gz: No such file or directory
ls: cannot access /var/log/sites/site-mortb.txt.gz: No such file or directory
ls: cannot access /var/log/sites/site-mortb.txt.gz: No such file or directory
ls: cannot access /var/log/sites/site-mortb.txt.gz: No such file or directory
ls: cannot access /var/log/sites/site-mortb.txt.gz: No such file or directory
ls: cannot access /var/log/sites/site-mortb.txt.gz: No such file or directory
ls: cannot access /var/log/sites/site-mortb.txt.gz: No such file or directory
ls: cannot access /var/log/sites/site-mortb.txt.gz: No such file or directory
ls: cannot access /var/log/sites/site-mortb.txt.gz: No such file or directory
ls: cannot access /var/log/sites/site-mortb.txt.gz: No such file or directory
ls: cannot access /var/log/sites/site-mortb.txt.gz: No such file or directory
ls: cannot access /var/log/sites/site-mortb.txt.gz: No such file or directory
ls: cannot access /var/log/sites/site-mortb.txt.gz: No such file or directory
ls: cannot access /var/log/sites/site-mortb.txt.gz: No such file or directory
ls: cannot access /var/log/sites/site-mortb.txt.gz: No such file or directory
ls: cannot access /var/log/sites/site-mortb.txt.gz: No such file or directory
ls: cannot access /var/log/sites/site-mortb.txt.gz: No such file or directory
ls: cannot access /var/log/sites/site-mortb.txt.gz: No such file or directory
ls: cannot access /var/log/sites/site-mortb.txt.gz: No such file or directory
-rw-r--r--. 1 root root 4284557 Apr  6 18:02 /var/log/sites/site-mortb.txt.gz
ls: cannot access /var/log/sites/site-mortb.txt.gz: No such file or directory
ls: cannot access /var/log/sites/site-mortb.txt.gz: No such file or directory
ls: cannot access /var/log/sites/site-mortb.txt.gz: No such file or directory
ls: cannot access /var/log/sites/site-mortb.txt.gz: No such file or directory
ls: cannot access /var/log/sites/site-mortb.txt.gz: No such file or directory
ls: cannot access /var/log/sites/site-mortb.txt.gz: No such file or directory
ls: cannot access /var/log/sites/site-mortb.txt.gz: No such file or directory
-rw-r--r--. 1 root root 4285256 Apr  6 18:15 /var/log/sites/site-mortb.txt.gz
-rw-r--r--. 1 root root 4284557 Apr  6 18:02 /var/log/sites/site-mortb.txt.gz
ls: cannot access '/var/log/sites/site-mortb.txt.gz': No such file or directory
ls: cannot access /var/log/sites/site-mortb.txt.gz: No such file or directory
ls: cannot access /var/log/sites/site-mortb.txt.gz: No such file or directory
ls: cannot access /var/log/sites/site-mortb.txt.gz: No such file or directory
ls: cannot access /var/log/sites/site-mortb.txt.gz: No such file or directory
ls: cannot access /var/log/sites/site-mortb.txt.gz: No such file or directory
ls: cannot access /var/log/sites/site-mortb.txt.gz: No such file or directory
ls: cannot access /var/log/sites/site-mortb.txt.gz: No such file or directory
ls: cannot access /var/log/sites/site-mortb.txt.gz: No such file or directory
ls: cannot access /var/log/sites/site-mortb.txt.gz: No such file or directory
ls: cannot access /var/log/sites/site-mortb.txt.gz: No such file or directory
ls: cannot access /var/log/sites/site-mortb.txt.gz: No such file or directory
ls: cannot access /var/log/sites/site-mortb.txt.gz: No such file or directory
ls: cannot access /var/log/sites/site-mortb.txt.gz: No such file or directory
ls: cannot access /var/log/sites/site-mortb.txt.gz: No such file or directory
-rw-r--r--. 1 root root 4285256 Apr  6 18:15 /var/log/sites/site-mortb.txt.gz
